<?xml version="1.0" encoding="UTF-8"?>
<testsuite xmlns:xsi="http://www.w3.org/2001/XMLSchema-instance" xsi:noNamespaceSchemaLocation="https://maven.apache.org/surefire/maven-surefire-plugin/xsd/surefire-test-report.xsd" name="TestSuite" time="1.015" tests="11" errors="0" skipped="10" failures="1">
  <properties>
    <property name="sun.desktop" value="gnome"/>
    <property name="awt.toolkit" value="sun.awt.X11.XToolkit"/>
    <property name="file.encoding.pkg" value="sun.io"/>
    <property name="java.specification.version" value="1.8"/>
    <property name="sun.cpu.isalist" value=""/>
    <property name="sun.jnu.encoding" value="UTF-8"/>
    <property name="java.class.path" value="/home/tyss/Desktop/demoExtentrepo/target/test-classes:/home/tyss/Desktop/demoExtentrepo/target/classes:/home/tyss/.m2/repository/org/seleniumhq/selenium/selenium-server/3.11.0/selenium-server-3.11.0.jar:/home/tyss/.m2/repository/org/seleniumhq/selenium/selenium-java/3.11.0/selenium-java-3.11.0.jar:/home/tyss/.m2/repository/org/seleniumhq/selenium/selenium-api/3.11.0/selenium-api-3.11.0.jar:/home/tyss/.m2/repository/org/seleniumhq/selenium/selenium-chrome-driver/3.11.0/selenium-chrome-driver-3.11.0.jar:/home/tyss/.m2/repository/org/seleniumhq/selenium/selenium-edge-driver/3.11.0/selenium-edge-driver-3.11.0.jar:/home/tyss/.m2/repository/org/seleniumhq/selenium/selenium-firefox-driver/3.11.0/selenium-firefox-driver-3.11.0.jar:/home/tyss/.m2/repository/org/seleniumhq/selenium/selenium-ie-driver/3.11.0/selenium-ie-driver-3.11.0.jar:/home/tyss/.m2/repository/org/seleniumhq/selenium/selenium-opera-driver/3.11.0/selenium-opera-driver-3.11.0.jar:/home/tyss/.m2/repository/org/seleniumhq/selenium/selenium-remote-driver/3.11.0/selenium-remote-driver-3.11.0.jar:/home/tyss/.m2/repository/org/seleniumhq/selenium/selenium-safari-driver/3.11.0/selenium-safari-driver-3.11.0.jar:/home/tyss/.m2/repository/org/seleniumhq/selenium/selenium-support/3.11.0/selenium-support-3.11.0.jar:/home/tyss/.m2/repository/com/beust/jcommander/1.72/jcommander-1.72.jar:/home/tyss/.m2/repository/net/bytebuddy/byte-buddy/1.7.9/byte-buddy-1.7.9.jar:/home/tyss/.m2/repository/org/apache/commons/commons-exec/1.3/commons-exec-1.3.jar:/home/tyss/.m2/repository/org/apache/commons/commons-lang3/3.7/commons-lang3-3.7.jar:/home/tyss/.m2/repository/org/apache/commons/commons-text/1.1/commons-text-1.1.jar:/home/tyss/.m2/repository/commons-codec/commons-codec/1.10/commons-codec-1.10.jar:/home/tyss/.m2/repository/commons-io/commons-io/2.6/commons-io-2.6.jar:/home/tyss/.m2/repository/commons-logging/commons-logging/1.2/commons-logging-1.2.jar:/home/tyss/.m2/repository/commons-net/commons-net/3.6/commons-net-3.6.jar:/home/tyss/.m2/repository/org/w3c/css/sac/1.3/sac-1.3.jar:/home/tyss/.m2/repository/net/sourceforge/cssparser/cssparser/0.9.24/cssparser-0.9.24.jar:/home/tyss/.m2/repository/com/google/code/gson/gson/2.8.2/gson-2.8.2.jar:/home/tyss/.m2/repository/com/google/guava/guava/23.6-jre/guava-23.6-jre.jar:/home/tyss/.m2/repository/com/google/code/findbugs/jsr305/1.3.9/jsr305-1.3.9.jar:/home/tyss/.m2/repository/org/checkerframework/checker-compat-qual/2.0.0/checker-compat-qual-2.0.0.jar:/home/tyss/.m2/repository/com/google/errorprone/error_prone_annotations/2.1.3/error_prone_annotations-2.1.3.jar:/home/tyss/.m2/repository/com/google/j2objc/j2objc-annotations/1.1/j2objc-annotations-1.1.jar:/home/tyss/.m2/repository/org/codehaus/mojo/animal-sniffer-annotations/1.14/animal-sniffer-annotations-1.14.jar:/home/tyss/.m2/repository/net/sourceforge/htmlunit/htmlunit/2.29/htmlunit-2.29.jar:/home/tyss/.m2/repository/net/sourceforge/htmlunit/htmlunit-core-js/2.28/htmlunit-core-js-2.28.jar:/home/tyss/.m2/repository/net/sourceforge/htmlunit/neko-htmlunit/2.28/neko-htmlunit-2.28.jar:/home/tyss/.m2/repository/org/apache/httpcomponents/httpclient/4.5.3/httpclient-4.5.3.jar:/home/tyss/.m2/repository/org/apache/httpcomponents/httpcore/4.4.6/httpcore-4.4.6.jar:/home/tyss/.m2/repository/org/apache/httpcomponents/httpmime/4.5.3/httpmime-4.5.3.jar:/home/tyss/.m2/repository/net/jcip/jcip-annotations/1.0/jcip-annotations-1.0.jar:/home/tyss/.m2/repository/org/seleniumhq/selenium/jetty-repacked/9.4.7.v20171121/jetty-repacked-9.4.7.v20171121.jar:/home/tyss/.m2/repository/org/eclipse/jetty/jetty-client/9.4.7.v20170914/jetty-client-9.4.7.v20170914.jar:/home/tyss/.m2/repository/org/eclipse/jetty/jetty-http/9.4.8.v20171121/jetty-http-9.4.8.v20171121.jar:/home/tyss/.m2/repository/org/eclipse/jetty/jetty-io/9.4.8.v20171121/jetty-io-9.4.8.v20171121.jar:/home/tyss/.m2/repository/org/eclipse/jetty/jetty-util/9.4.8.v20171121/jetty-util-9.4.8.v20171121.jar:/home/tyss/.m2/repository/org/eclipse/jetty/jetty-xml/9.4.7.v20170914/jetty-xml-9.4.7.v20170914.jar:/home/tyss/.m2/repository/com/squareup/okhttp3/okhttp/3.9.1/okhttp-3.9.1.jar:/home/tyss/.m2/repository/com/squareup/okio/okio/1.13.0/okio-1.13.0.jar:/home/tyss/.m2/repository/org/seleniumhq/selenium/htmlunit-driver/2.29.0/htmlunit-driver-2.29.0.jar:/home/tyss/.m2/repository/javax/servlet/javax.servlet-api/3.1.0/javax.servlet-api-3.1.0.jar:/home/tyss/.m2/repository/org/eclipse/jetty/websocket/websocket-api/9.4.7.v20170914/websocket-api-9.4.7.v20170914.jar:/home/tyss/.m2/repository/org/eclipse/jetty/websocket/websocket-client/9.4.7.v20170914/websocket-client-9.4.7.v20170914.jar:/home/tyss/.m2/repository/org/eclipse/jetty/websocket/websocket-common/9.4.7.v20170914/websocket-common-9.4.7.v20170914.jar:/home/tyss/.m2/repository/xalan/serializer/2.7.2/serializer-2.7.2.jar:/home/tyss/.m2/repository/xalan/xalan/2.7.2/xalan-2.7.2.jar:/home/tyss/.m2/repository/xerces/xercesImpl/2.11.0/xercesImpl-2.11.0.jar:/home/tyss/.m2/repository/xml-apis/xml-apis/1.4.01/xml-apis-1.4.01.jar:/home/tyss/.m2/repository/org/yaml/snakeyaml/1.19/snakeyaml-1.19.jar:/home/tyss/.m2/repository/org/testng/testng/6.9.10/testng-6.9.10.jar:/home/tyss/.m2/repository/org/beanshell/bsh/2.0b4/bsh-2.0b4.jar:/home/tyss/.m2/repository/com/relevantcodes/extentreports/2.41.2/extentreports-2.41.2.jar:/home/tyss/.m2/repository/org/jsoup/jsoup/1.8.3/jsoup-1.8.3.jar:/home/tyss/.m2/repository/org/xerial/sqlite-jdbc/3.8.11.1/sqlite-jdbc-3.8.11.1.jar:/home/tyss/.m2/repository/org/freemarker/freemarker/2.3.23/freemarker-2.3.23.jar:/home/tyss/.m2/repository/org/mongodb/mongodb-driver/3.0.4/mongodb-driver-3.0.4.jar:/home/tyss/.m2/repository/org/mongodb/bson/3.0.4/bson-3.0.4.jar:/home/tyss/.m2/repository/org/mongodb/mongodb-driver-core/3.0.4/mongodb-driver-core-3.0.4.jar:/home/tyss/.m2/repository/org/apache/maven/surefire/surefire-testng-utils/2.21.0/surefire-testng-utils-2.21.0.jar:/home/tyss/.m2/repository/org/apache/maven/surefire/surefire-grouper/2.21.0/surefire-grouper-2.21.0.jar:"/>
    <property name="java.vm.vendor" value="Oracle Corporation"/>
    <property name="sun.arch.data.model" value="64"/>
    <property name="java.vendor.url" value="http://java.oracle.com/"/>
    <property name="user.timezone" value=""/>
    <property name="java.vm.specification.version" value="1.8"/>
    <property name="os.name" value="Linux"/>
    <property name="user.country" value="IN"/>
    <property name="sun.java.launcher" value="SUN_STANDARD"/>
    <property name="sun.boot.library.path" value="/usr/lib/jvm/java-8-openjdk-amd64/jre/lib/amd64"/>
    <property name="sun.java.command" value="/home/tyss/Desktop/demoExtentrepo/target/surefire/surefirebooter836671401440483750.jar /home/tyss/Desktop/demoExtentrepo/target/surefire 2018-04-26T15-28-58_159-jvmRun1 surefire4008544642480382133tmp surefire_02468169858150043433tmp"/>
    <property name="surefire.test.class.path" value="/home/tyss/Desktop/demoExtentrepo/target/test-classes:/home/tyss/Desktop/demoExtentrepo/target/classes:/home/tyss/.m2/repository/org/seleniumhq/selenium/selenium-server/3.11.0/selenium-server-3.11.0.jar:/home/tyss/.m2/repository/org/seleniumhq/selenium/selenium-java/3.11.0/selenium-java-3.11.0.jar:/home/tyss/.m2/repository/org/seleniumhq/selenium/selenium-api/3.11.0/selenium-api-3.11.0.jar:/home/tyss/.m2/repository/org/seleniumhq/selenium/selenium-chrome-driver/3.11.0/selenium-chrome-driver-3.11.0.jar:/home/tyss/.m2/repository/org/seleniumhq/selenium/selenium-edge-driver/3.11.0/selenium-edge-driver-3.11.0.jar:/home/tyss/.m2/repository/org/seleniumhq/selenium/selenium-firefox-driver/3.11.0/selenium-firefox-driver-3.11.0.jar:/home/tyss/.m2/repository/org/seleniumhq/selenium/selenium-ie-driver/3.11.0/selenium-ie-driver-3.11.0.jar:/home/tyss/.m2/repository/org/seleniumhq/selenium/selenium-opera-driver/3.11.0/selenium-opera-driver-3.11.0.jar:/home/tyss/.m2/repository/org/seleniumhq/selenium/selenium-remote-driver/3.11.0/selenium-remote-driver-3.11.0.jar:/home/tyss/.m2/repository/org/seleniumhq/selenium/selenium-safari-driver/3.11.0/selenium-safari-driver-3.11.0.jar:/home/tyss/.m2/repository/org/seleniumhq/selenium/selenium-support/3.11.0/selenium-support-3.11.0.jar:/home/tyss/.m2/repository/com/beust/jcommander/1.72/jcommander-1.72.jar:/home/tyss/.m2/repository/net/bytebuddy/byte-buddy/1.7.9/byte-buddy-1.7.9.jar:/home/tyss/.m2/repository/org/apache/commons/commons-exec/1.3/commons-exec-1.3.jar:/home/tyss/.m2/repository/org/apache/commons/commons-lang3/3.7/commons-lang3-3.7.jar:/home/tyss/.m2/repository/org/apache/commons/commons-text/1.1/commons-text-1.1.jar:/home/tyss/.m2/repository/commons-codec/commons-codec/1.10/commons-codec-1.10.jar:/home/tyss/.m2/repository/commons-io/commons-io/2.6/commons-io-2.6.jar:/home/tyss/.m2/repository/commons-logging/commons-logging/1.2/commons-logging-1.2.jar:/home/tyss/.m2/repository/commons-net/commons-net/3.6/commons-net-3.6.jar:/home/tyss/.m2/repository/org/w3c/css/sac/1.3/sac-1.3.jar:/home/tyss/.m2/repository/net/sourceforge/cssparser/cssparser/0.9.24/cssparser-0.9.24.jar:/home/tyss/.m2/repository/com/google/code/gson/gson/2.8.2/gson-2.8.2.jar:/home/tyss/.m2/repository/com/google/guava/guava/23.6-jre/guava-23.6-jre.jar:/home/tyss/.m2/repository/com/google/code/findbugs/jsr305/1.3.9/jsr305-1.3.9.jar:/home/tyss/.m2/repository/org/checkerframework/checker-compat-qual/2.0.0/checker-compat-qual-2.0.0.jar:/home/tyss/.m2/repository/com/google/errorprone/error_prone_annotations/2.1.3/error_prone_annotations-2.1.3.jar:/home/tyss/.m2/repository/com/google/j2objc/j2objc-annotations/1.1/j2objc-annotations-1.1.jar:/home/tyss/.m2/repository/org/codehaus/mojo/animal-sniffer-annotations/1.14/animal-sniffer-annotations-1.14.jar:/home/tyss/.m2/repository/net/sourceforge/htmlunit/htmlunit/2.29/htmlunit-2.29.jar:/home/tyss/.m2/repository/net/sourceforge/htmlunit/htmlunit-core-js/2.28/htmlunit-core-js-2.28.jar:/home/tyss/.m2/repository/net/sourceforge/htmlunit/neko-htmlunit/2.28/neko-htmlunit-2.28.jar:/home/tyss/.m2/repository/org/apache/httpcomponents/httpclient/4.5.3/httpclient-4.5.3.jar:/home/tyss/.m2/repository/org/apache/httpcomponents/httpcore/4.4.6/httpcore-4.4.6.jar:/home/tyss/.m2/repository/org/apache/httpcomponents/httpmime/4.5.3/httpmime-4.5.3.jar:/home/tyss/.m2/repository/net/jcip/jcip-annotations/1.0/jcip-annotations-1.0.jar:/home/tyss/.m2/repository/org/seleniumhq/selenium/jetty-repacked/9.4.7.v20171121/jetty-repacked-9.4.7.v20171121.jar:/home/tyss/.m2/repository/org/eclipse/jetty/jetty-client/9.4.7.v20170914/jetty-client-9.4.7.v20170914.jar:/home/tyss/.m2/repository/org/eclipse/jetty/jetty-http/9.4.8.v20171121/jetty-http-9.4.8.v20171121.jar:/home/tyss/.m2/repository/org/eclipse/jetty/jetty-io/9.4.8.v20171121/jetty-io-9.4.8.v20171121.jar:/home/tyss/.m2/repository/org/eclipse/jetty/jetty-util/9.4.8.v20171121/jetty-util-9.4.8.v20171121.jar:/home/tyss/.m2/repository/org/eclipse/jetty/jetty-xml/9.4.7.v20170914/jetty-xml-9.4.7.v20170914.jar:/home/tyss/.m2/repository/com/squareup/okhttp3/okhttp/3.9.1/okhttp-3.9.1.jar:/home/tyss/.m2/repository/com/squareup/okio/okio/1.13.0/okio-1.13.0.jar:/home/tyss/.m2/repository/org/seleniumhq/selenium/htmlunit-driver/2.29.0/htmlunit-driver-2.29.0.jar:/home/tyss/.m2/repository/javax/servlet/javax.servlet-api/3.1.0/javax.servlet-api-3.1.0.jar:/home/tyss/.m2/repository/org/eclipse/jetty/websocket/websocket-api/9.4.7.v20170914/websocket-api-9.4.7.v20170914.jar:/home/tyss/.m2/repository/org/eclipse/jetty/websocket/websocket-client/9.4.7.v20170914/websocket-client-9.4.7.v20170914.jar:/home/tyss/.m2/repository/org/eclipse/jetty/websocket/websocket-common/9.4.7.v20170914/websocket-common-9.4.7.v20170914.jar:/home/tyss/.m2/repository/xalan/serializer/2.7.2/serializer-2.7.2.jar:/home/tyss/.m2/repository/xalan/xalan/2.7.2/xalan-2.7.2.jar:/home/tyss/.m2/repository/xerces/xercesImpl/2.11.0/xercesImpl-2.11.0.jar:/home/tyss/.m2/repository/xml-apis/xml-apis/1.4.01/xml-apis-1.4.01.jar:/home/tyss/.m2/repository/org/yaml/snakeyaml/1.19/snakeyaml-1.19.jar:/home/tyss/.m2/repository/org/testng/testng/6.9.10/testng-6.9.10.jar:/home/tyss/.m2/repository/org/beanshell/bsh/2.0b4/bsh-2.0b4.jar:/home/tyss/.m2/repository/com/relevantcodes/extentreports/2.41.2/extentreports-2.41.2.jar:/home/tyss/.m2/repository/org/jsoup/jsoup/1.8.3/jsoup-1.8.3.jar:/home/tyss/.m2/repository/org/xerial/sqlite-jdbc/3.8.11.1/sqlite-jdbc-3.8.11.1.jar:/home/tyss/.m2/repository/org/freemarker/freemarker/2.3.23/freemarker-2.3.23.jar:/home/tyss/.m2/repository/org/mongodb/mongodb-driver/3.0.4/mongodb-driver-3.0.4.jar:/home/tyss/.m2/repository/org/mongodb/bson/3.0.4/bson-3.0.4.jar:/home/tyss/.m2/repository/org/mongodb/mongodb-driver-core/3.0.4/mongodb-driver-core-3.0.4.jar:/home/tyss/.m2/repository/org/apache/maven/surefire/surefire-testng-utils/2.21.0/surefire-testng-utils-2.21.0.jar:/home/tyss/.m2/repository/org/apache/maven/surefire/surefire-grouper/2.21.0/surefire-grouper-2.21.0.jar:"/>
    <property name="sun.cpu.endian" value="little"/>
    <property name="user.home" value="/home/tyss"/>
    <property name="user.language" value="en"/>
    <property name="java.specification.vendor" value="Oracle Corporation"/>
    <property name="java.home" value="/usr/lib/jvm/java-8-openjdk-amd64/jre"/>
    <property name="basedir" value="/home/tyss/Desktop/demoExtentrepo"/>
    <property name="file.separator" value="/"/>
    <property name="line.separator" value="&#10;"/>
    <property name="java.vm.specification.vendor" value="Oracle Corporation"/>
    <property name="java.specification.name" value="Java Platform API Specification"/>
    <property name="java.awt.graphicsenv" value="sun.awt.X11GraphicsEnvironment"/>
    <property name="surefire.real.class.path" value="/home/tyss/Desktop/demoExtentrepo/target/surefire/surefirebooter836671401440483750.jar"/>
    <property name="sun.boot.class.path" value="/usr/lib/jvm/java-8-openjdk-amd64/jre/lib/resources.jar:/usr/lib/jvm/java-8-openjdk-amd64/jre/lib/rt.jar:/usr/lib/jvm/java-8-openjdk-amd64/jre/lib/sunrsasign.jar:/usr/lib/jvm/java-8-openjdk-amd64/jre/lib/jsse.jar:/usr/lib/jvm/java-8-openjdk-amd64/jre/lib/jce.jar:/usr/lib/jvm/java-8-openjdk-amd64/jre/lib/charsets.jar:/usr/lib/jvm/java-8-openjdk-amd64/jre/lib/jfr.jar:/usr/lib/jvm/java-8-openjdk-amd64/jre/classes"/>
    <property name="sun.management.compiler" value="HotSpot 64-Bit Tiered Compilers"/>
    <property name="java.runtime.version" value="1.8.0_162-8u162-b12-0ubuntu0.16.04.2-b12"/>
    <property name="user.name" value="tyss"/>
    <property name="path.separator" value=":"/>
    <property name="os.version" value="4.4.0-121-generic"/>
    <property name="java.endorsed.dirs" value="/usr/lib/jvm/java-8-openjdk-amd64/jre/lib/endorsed"/>
    <property name="java.runtime.name" value="OpenJDK Runtime Environment"/>
    <property name="file.encoding" value="UTF-8"/>
    <property name="java.vm.name" value="OpenJDK 64-Bit Server VM"/>
    <property name="localRepository" value="/home/tyss/.m2/repository"/>
    <property name="java.vendor.url.bug" value="http://bugreport.sun.com/bugreport/"/>
    <property name="java.io.tmpdir" value="/tmp"/>
    <property name="java.version" value="1.8.0_162"/>
    <property name="user.dir" value="/home/tyss/Desktop/demoExtentrepo"/>
    <property name="os.arch" value="amd64"/>
    <property name="java.vm.specification.name" value="Java Virtual Machine Specification"/>
    <property name="java.awt.printerjob" value="sun.print.PSPrinterJob"/>
    <property name="sun.os.patch.level" value="unknown"/>
    <property name="java.library.path" value="/usr/java/packages/lib/amd64:/usr/lib/x86_64-linux-gnu/jni:/lib/x86_64-linux-gnu:/usr/lib/x86_64-linux-gnu:/usr/lib/jni:/lib:/usr/lib"/>
    <property name="java.vm.info" value="mixed mode"/>
    <property name="java.vendor" value="Oracle Corporation"/>
    <property name="java.vm.version" value="25.162-b12"/>
    <property name="java.ext.dirs" value="/usr/lib/jvm/java-8-openjdk-amd64/jre/lib/ext:/usr/java/packages/lib/ext"/>
    <property name="sun.io.unicode.encoding" value="UnicodeLittle"/>
    <property name="java.class.version" value="52.0"/>
  </properties>
  <testcase name="classTest" classname="scripts.LoginTest" time="0.86">
    <failure message="The driver is not executable: /home/tyss/Desktop/demoExtentrepo/./src/main/resources/driver/geckodriver.exe" type="java.lang.IllegalStateException">java.lang.IllegalStateException: The driver is not executable: /home/tyss/Desktop/demoExtentrepo/./src/main/resources/driver/geckodriver.exe
</failure>
  </testcase>
  <testcase name="preCondition" classname="scripts.LoginTest" time="0">
    <skipped/>
  </testcase>
  <testcase name="loginToApp" classname="scripts.LoginTest" time="0">
    <skipped/>
  </testcase>
  <testcase name="postCondition" classname="scripts.LoginTest" time="0">
    <skipped/>
  </testcase>
  <testcase name="afterclass" classname="scripts.LoginTest" time="0">
    <skipped/>
  </testcase>
  <testcase name="classTest" classname="scripts.DressTest" time="0">
    <skipped/>
  </testcase>
  <testcase name="preCondition" classname="scripts.DressTest" time="0">
    <skipped/>
  </testcase>
  <testcase name="dressTest" classname="scripts.DressTest" time="0">
    <skipped/>
  </testcase>
  <testcase name="postCondition" classname="scripts.DressTest" time="0">
    <skipped/>
  </testcase>
  <testcase name="afterclass" classname="scripts.DressTest" time="0">
    <skipped/>
  </testcase>
  <testcase name="end" classname="scripts.LoginTest" time="0">
    <skipped/>
  </testcase>
</testsuite>